nohup: ignoring input

Collecting usage statistics. To deactivate, set browser.gatherUsageStats to false.


  You can now view your Streamlit app in your browser.

  Local URL: http://localhost:8505
  Network URL: http://169.254.0.21:8505
  External URL: http://34.48.74.172:8505

[31mâ”€â”€[0m[31mâ”€â”€â”€â”€â”€â”€â”€â”€â”€â”€â”€â”€â”€â”€â”€â”€â”€â”€â”€â”€â”€â”€â”€â”€[0m[31m [0m[1;31mTraceback [0m[1;2;31m(most recent call last)[0m[31m [0m[31mâ”€â”€â”€â”€â”€â”€â”€â”€â”€â”€â”€â”€â”€â”€â”€â”€â”€â”€â”€â”€â”€â”€â”€â”€â”€[0m[31mâ”€â”€[0m
[31m [0m [2m/home/ubuntu/migraine_demo/MigraineNew/migraine_prediction_project/migraine_predicti[0m [31m [0m
[31m [0m [2mon_app_complete/dashboard/[0m[1msimplified_dashboard.py[0m:19 in <module>                     [31m [0m
[31m [0m                                                                                      [31m [0m
[31m [0m   [2m 16 [0m                                                                               [31m [0m
[31m [0m   [2m 17 [0m[2m# Import expert dashboard component[0m                                            [31m [0m
[31m [0m   [2m 18 [0m[94mtry[0m:                                                                           [31m [0m
[31m [0m [31mâ± [0m 19 [2mâ”‚   [0m[94mfrom[0m[90m [0m[4;96mdashboard[0m[4;96m.[0m[4;96mexpert_dashboard[0m[90m [0m[94mimport[0m create_expert_dashboard             [31m [0m
[31m [0m   [2m 20 [0m[94mexcept[0m [96mImportError[0m:                                                            [31m [0m
[31m [0m   [2m 21 [0m[2mâ”‚   [0m[2m# Try relative import if package import fails[0m                              [31m [0m
[31m [0m   [2m 22 [0m[2mâ”‚   [0m[94mfrom[0m[90m [0m[4;96m.[0m[4;96mexpert_dashboard[0m[90m [0m[94mimport[0m create_expert_dashboard                      [31m [0m
[31m [0m                                                                                      [31m [0m
[31m [0m [2m/home/ubuntu/migraine_demo/MigraineNew/migraine_prediction_project/migraine_predicti[0m [31m [0m
[31m [0m [2mon_app_complete/dashboard/[0m[1mexpert_dashboard.py[0m:8 in <module>                          [31m [0m
[31m [0m                                                                                      [31m [0m
[31m [0m   [2m  5 [0m[94mimport[0m[90m [0m[4;96mplotly[0m[4;96m.[0m[4;96mexpress[0m[90m [0m[94mas[0m[90m [0m[4;96mpx[0m                                                    [31m [0m
[31m [0m   [2m  6 [0m[94mimport[0m[90m [0m[4;96mplotly[0m[4;96m.[0m[4;96mgraph_objects[0m[90m [0m[94mas[0m[90m [0m[4;96mgo[0m                                              [31m [0m
[31m [0m   [2m  7 [0m[94mfrom[0m[90m [0m[4;96mplotly[0m[4;96m.[0m[4;96msubplots[0m[90m [0m[94mimport[0m make_subplots                                      [31m [0m
[31m [0m [31mâ± [0m  8 [94mimport[0m[90m [0m[4;96mnetworkx[0m[90m [0m[94mas[0m[90m [0m[4;96mnx[0m                                                          [31m [0m
[31m [0m   [2m  9 [0m[94mfrom[0m[90m [0m[4;96msklearn[0m[4;96m.[0m[4;96mtree[0m[90m [0m[94mimport[0m DecisionTreeClassifier, plot_tree                     [31m [0m
[31m [0m   [2m 10 [0m[94mfrom[0m[90m [0m[4;96msklearn[0m[4;96m.[0m[4;96mensemble[0m[90m [0m[94mimport[0m RandomForestClassifier                            [31m [0m
[31m [0m   [2m 11 [0m[94mimport[0m[90m [0m[4;96mos[0m                                                                      [31m [0m
[31mâ”€â”€â”€â”€â”€â”€â”€â”€â”€â”€â”€â”€â”€â”€â”€â”€â”€â”€â”€â”€â”€â”€â”€â”€â”€â”€â”€â”€â”€â”€â”€â”€â”€â”€â”€â”€â”€â”€â”€â”€â”€â”€â”€â”€â”€â”€â”€â”€â”€â”€â”€â”€â”€â”€â”€â”€â”€â”€â”€â”€â”€â”€â”€â”€â”€â”€â”€â”€â”€â”€â”€â”€â”€â”€â”€â”€â”€â”€â”€â”€â”€â”€â”€â”€â”€â”€â”€â”€[0m
[1;91mModuleNotFoundError: [0mNo module named [32m'networkx'[0m

[3mDuring handling of the above exception, another exception occurred:[0m

[31mâ”€â”€[0m[31mâ”€â”€â”€â”€â”€â”€â”€â”€â”€â”€â”€â”€â”€â”€â”€â”€â”€â”€â”€â”€â”€â”€â”€â”€[0m[31m [0m[1;31mTraceback [0m[1;2;31m(most recent call last)[0m[31m [0m[31mâ”€â”€â”€â”€â”€â”€â”€â”€â”€â”€â”€â”€â”€â”€â”€â”€â”€â”€â”€â”€â”€â”€â”€â”€â”€[0m[31mâ”€â”€[0m
[31m [0m [2m/usr/local/lib/python3.10/dist-packages/streamlit/runtime/scriptrunner/[0m[1mexec_code.py[0m: [31m [0m
[31m [0m 121 in exec_func_with_error_handling                                                 [31m [0m
[31m [0m                                                                                      [31m [0m
[31m [0m [2m/usr/local/lib/python3.10/dist-packages/streamlit/runtime/scriptrunner/[0m[1mscript_runner[0m [31m [0m
[31m [0m [1m.py[0m:640 in code_to_exec                                                              [31m [0m
[31m [0m                                                                                      [31m [0m
[31m [0m [2m/home/ubuntu/migraine_demo/MigraineNew/migraine_prediction_project/migraine_predicti[0m [31m [0m
[31m [0m [2mon_app_complete/dashboard/[0m[1msimplified_dashboard.py[0m:22 in <module>                     [31m [0m
[31m [0m                                                                                      [31m [0m
[31m [0m   [2m 19 [0m[2mâ”‚   [0m[94mfrom[0m[90m [0m[4;96mdashboard[0m[4;96m.[0m[4;96mexpert_dashboard[0m[90m [0m[94mimport[0m create_expert_dashboard             [31m [0m
[31m [0m   [2m 20 [0m[94mexcept[0m [96mImportError[0m:                                                            [31m [0m
[31m [0m   [2m 21 [0m[2mâ”‚   [0m[2m# Try relative import if package import fails[0m                              [31m [0m
[31m [0m [31mâ± [0m 22 [2mâ”‚   [0m[94mfrom[0m[90m [0m[4;96m.[0m[4;96mexpert_dashboard[0m[90m [0m[94mimport[0m create_expert_dashboard                      [31m [0m
[31m [0m   [2m 23 [0m                                                                               [31m [0m
[31m [0m   [2m 24 [0m[2m# Set page configuration[0m                                                       [31m [0m
[31m [0m   [2m 25 [0mst.set_page_config(                                                            [31m [0m
[31mâ”€â”€â”€â”€â”€â”€â”€â”€â”€â”€â”€â”€â”€â”€â”€â”€â”€â”€â”€â”€â”€â”€â”€â”€â”€â”€â”€â”€â”€â”€â”€â”€â”€â”€â”€â”€â”€â”€â”€â”€â”€â”€â”€â”€â”€â”€â”€â”€â”€â”€â”€â”€â”€â”€â”€â”€â”€â”€â”€â”€â”€â”€â”€â”€â”€â”€â”€â”€â”€â”€â”€â”€â”€â”€â”€â”€â”€â”€â”€â”€â”€â”€â”€â”€â”€â”€â”€â”€[0m
[1;91mImportError: [0mattempted relative import with no known parent package
[31mâ”€â”€[0m[31mâ”€â”€â”€â”€â”€â”€â”€â”€â”€â”€â”€â”€â”€â”€â”€â”€â”€â”€â”€â”€â”€â”€â”€â”€[0m[31m [0m[1;31mTraceback [0m[1;2;31m(most recent call last)[0m[31m [0m[31mâ”€â”€â”€â”€â”€â”€â”€â”€â”€â”€â”€â”€â”€â”€â”€â”€â”€â”€â”€â”€â”€â”€â”€â”€â”€[0m[31mâ”€â”€[0m
[31m [0m [2m/home/ubuntu/migraine_demo/MigraineNew/migraine_prediction_project/migraine_predicti[0m [31m [0m
[31m [0m [2mon_app_complete/dashboard/[0m[1msimplified_dashboard.py[0m:19 in <module>                     [31m [0m
[31m [0m                                                                                      [31m [0m
[31m [0m   [2m 16 [0m                                                                               [31m [0m
[31m [0m   [2m 17 [0m[2m# Import expert dashboard component[0m                                            [31m [0m
[31m [0m   [2m 18 [0m[94mtry[0m:                                                                           [31m [0m
[31m [0m [31mâ± [0m 19 [2mâ”‚   [0m[94mfrom[0m[90m [0m[4;96mdashboard[0m[4;96m.[0m[4;96mexpert_dashboard[0m[90m [0m[94mimport[0m create_expert_dashboard             [31m [0m
[31m [0m   [2m 20 [0m[94mexcept[0m [96mImportError[0m:                                                            [31m [0m
[31m [0m   [2m 21 [0m[2mâ”‚   [0m[2m# Try relative import if package import fails[0m                              [31m [0m
[31m [0m   [2m 22 [0m[2mâ”‚   [0m[94mfrom[0m[90m [0m[4;96m.[0m[4;96mexpert_dashboard[0m[90m [0m[94mimport[0m create_expert_dashboard                      [31m [0m
[31m [0m                                                                                      [31m [0m
[31m [0m [2m/home/ubuntu/migraine_demo/MigraineNew/migraine_prediction_project/migraine_predicti[0m [31m [0m
[31m [0m [2mon_app_complete/dashboard/[0m[1mexpert_dashboard.py[0m:8 in <module>                          [31m [0m
[31m [0m                                                                                      [31m [0m
[31m [0m   [2m  5 [0m[94mimport[0m[90m [0m[4;96mplotly[0m[4;96m.[0m[4;96mexpress[0m[90m [0m[94mas[0m[90m [0m[4;96mpx[0m                                                    [31m [0m
[31m [0m   [2m  6 [0m[94mimport[0m[90m [0m[4;96mplotly[0m[4;96m.[0m[4;96mgraph_objects[0m[90m [0m[94mas[0m[90m [0m[4;96mgo[0m                                              [31m [0m
[31m [0m   [2m  7 [0m[94mfrom[0m[90m [0m[4;96mplotly[0m[4;96m.[0m[4;96msubplots[0m[90m [0m[94mimport[0m make_subplots                                      [31m [0m
[31m [0m [31mâ± [0m  8 [94mimport[0m[90m [0m[4;96mnetworkx[0m[90m [0m[94mas[0m[90m [0m[4;96mnx[0m                                                          [31m [0m
[31m [0m   [2m  9 [0m[94mfrom[0m[90m [0m[4;96msklearn[0m[4;96m.[0m[4;96mtree[0m[90m [0m[94mimport[0m DecisionTreeClassifier, plot_tree                     [31m [0m
[31m [0m   [2m 10 [0m[94mfrom[0m[90m [0m[4;96msklearn[0m[4;96m.[0m[4;96mensemble[0m[90m [0m[94mimport[0m RandomForestClassifier                            [31m [0m
[31m [0m   [2m 11 [0m[94mimport[0m[90m [0m[4;96mos[0m                                                                      [31m [0m
[31mâ”€â”€â”€â”€â”€â”€â”€â”€â”€â”€â”€â”€â”€â”€â”€â”€â”€â”€â”€â”€â”€â”€â”€â”€â”€â”€â”€â”€â”€â”€â”€â”€â”€â”€â”€â”€â”€â”€â”€â”€â”€â”€â”€â”€â”€â”€â”€â”€â”€â”€â”€â”€â”€â”€â”€â”€â”€â”€â”€â”€â”€â”€â”€â”€â”€â”€â”€â”€â”€â”€â”€â”€â”€â”€â”€â”€â”€â”€â”€â”€â”€â”€â”€â”€â”€â”€â”€â”€[0m
[1;91mModuleNotFoundError: [0mNo module named [32m'networkx'[0m

[3mDuring handling of the above exception, another exception occurred:[0m

[31mâ”€â”€[0m[31mâ”€â”€â”€â”€â”€â”€â”€â”€â”€â”€â”€â”€â”€â”€â”€â”€â”€â”€â”€â”€â”€â”€â”€â”€[0m[31m [0m[1;31mTraceback [0m[1;2;31m(most recent call last)[0m[31m [0m[31mâ”€â”€â”€â”€â”€â”€â”€â”€â”€â”€â”€â”€â”€â”€â”€â”€â”€â”€â”€â”€â”€â”€â”€â”€â”€[0m[31mâ”€â”€[0m
[31m [0m [2m/usr/local/lib/python3.10/dist-packages/streamlit/runtime/scriptrunner/[0m[1mexec_code.py[0m: [31m [0m
[31m [0m 121 in exec_func_with_error_handling                                                 [31m [0m
[31m [0m                                                                                      [31m [0m
[31m [0m [2m/usr/local/lib/python3.10/dist-packages/streamlit/runtime/scriptrunner/[0m[1mscript_runner[0m [31m [0m
[31m [0m [1m.py[0m:640 in code_to_exec                                                              [31m [0m
[31m [0m                                                                                      [31m [0m
[31m [0m [2m/home/ubuntu/migraine_demo/MigraineNew/migraine_prediction_project/migraine_predicti[0m [31m [0m
[31m [0m [2mon_app_complete/dashboard/[0m[1msimplified_dashboard.py[0m:22 in <module>                     [31m [0m
[31m [0m                                                                                      [31m [0m
[31m [0m   [2m 19 [0m[2mâ”‚   [0m[94mfrom[0m[90m [0m[4;96mdashboard[0m[4;96m.[0m[4;96mexpert_dashboard[0m[90m [0m[94mimport[0m create_expert_dashboard             [31m [0m
[31m [0m   [2m 20 [0m[94mexcept[0m [96mImportError[0m:                                                            [31m [0m
[31m [0m   [2m 21 [0m[2mâ”‚   [0m[2m# Try relative import if package import fails[0m                              [31m [0m
[31m [0m [31mâ± [0m 22 [2mâ”‚   [0m[94mfrom[0m[90m [0m[4;96m.[0m[4;96mexpert_dashboard[0m[90m [0m[94mimport[0m create_expert_dashboard                      [31m [0m
[31m [0m   [2m 23 [0m                                                                               [31m [0m
[31m [0m   [2m 24 [0m[2m# Set page configuration[0m                                                       [31m [0m
[31m [0m   [2m 25 [0mst.set_page_config(                                                            [31m [0m
[31mâ”€â”€â”€â”€â”€â”€â”€â”€â”€â”€â”€â”€â”€â”€â”€â”€â”€â”€â”€â”€â”€â”€â”€â”€â”€â”€â”€â”€â”€â”€â”€â”€â”€â”€â”€â”€â”€â”€â”€â”€â”€â”€â”€â”€â”€â”€â”€â”€â”€â”€â”€â”€â”€â”€â”€â”€â”€â”€â”€â”€â”€â”€â”€â”€â”€â”€â”€â”€â”€â”€â”€â”€â”€â”€â”€â”€â”€â”€â”€â”€â”€â”€â”€â”€â”€â”€â”€â”€[0m
[1;91mImportError: [0mattempted relative import with no known parent package
  Stopping...
